13:53:51 INFO  : Launching XSCT server: xsct.bat -n  -interactive C:\Users\skriv\workspace\temp_xsdb_launch_script.tcl
13:54:36 INFO  : XSCT server has started successfully.
13:54:36 INFO  : Successfully done setting XSCT server connection channel  
13:54:39 INFO  : Registering command handlers for Vitis TCF services
13:55:27 INFO  : plnx-install-location is set to ''
13:55:27 INFO  : Successfully done setting workspace for the tool. 
13:55:27 INFO  : Successfully done query RDI_DATADIR 
14:27:41 INFO  : Checking for BSP changes to sync application flags for project 'test'...
14:29:02 INFO  : Checking for BSP changes to sync application flags for project 'test'...
14:29:17 INFO  : Checking for BSP changes to sync application flags for project 'test'...
14:29:40 INFO  : Connected to target on host '127.0.0.1' and port '3121'.
14:29:42 INFO  : Jtag cable 'Digilent Zed 210248690546' is selected.
14:29:42 INFO  : 'jtag frequency' command is executed.
14:29:42 INFO  : Context for 'APU' is selected.
14:29:42 INFO  : System reset is completed.
14:29:45 INFO  : 'after 3000' command is executed.
14:29:45 INFO  : 'targets -set -filter {jtag_cable_name =~ "Digilent Zed 210248690546" && level==0} -index 1' command is executed.
14:29:48 INFO  : FPGA configured successfully with bitstream "C:/Users/skriv/workspace/test/_ide/bitstream/design_1_wrapper.bit"
14:29:48 INFO  : Context for 'APU' is selected.
14:29:48 INFO  : Hardware design information is loaded from 'C:/Users/skriv/workspace/design_1_wrapper/export/design_1_wrapper/hw/design_1_wrapper.xsa'.
14:29:48 INFO  : 'configparams force-mem-access 1' command is executed.
14:29:48 INFO  : Context for 'APU' is selected.
14:29:48 INFO  : Sourcing of 'C:/Users/skriv/workspace/test/_ide/psinit/ps7_init.tcl' is done.
14:29:48 INFO  : 'ps7_init' command is executed.
14:29:48 INFO  : 'ps7_post_config' command is executed.
14:29:48 INFO  : Context for processor 'ps7_cortexa9_0' is selected.
14:29:49 INFO  : The application 'C:/Users/skriv/workspace/test/Debug/test.elf' is downloaded to processor 'ps7_cortexa9_0'.
14:29:49 INFO  : 'configparams force-mem-access 0' command is executed.
14:29:49 INFO  : ----------------XSDB Script----------------
connect -url tcp:127.0.0.1:3121
targets -set -nocase -filter {name =~"APU*"}
rst -system
after 3000
targets -set -filter {jtag_cable_name =~ "Digilent Zed 210248690546" && level==0} -index 1
fpga -file C:/Users/skriv/workspace/test/_ide/bitstream/design_1_wrapper.bit
targets -set -nocase -filter {name =~"APU*"}
loadhw -hw C:/Users/skriv/workspace/design_1_wrapper/export/design_1_wrapper/hw/design_1_wrapper.xsa -mem-ranges [list {0x40000000 0xbfffffff}]
configparams force-mem-access 1
targets -set -nocase -filter {name =~"APU*"}
source C:/Users/skriv/workspace/test/_ide/psinit/ps7_init.tcl
ps7_init
ps7_post_config
targets -set -nocase -filter {name =~ "*A9*#0"}
dow C:/Users/skriv/workspace/test/Debug/test.elf
configparams force-mem-access 0
----------------End of Script----------------

14:29:49 INFO  : Memory regions updated for context APU
14:29:49 INFO  : Context for processor 'ps7_cortexa9_0' is selected.
14:29:49 INFO  : 'con' command is executed.
14:29:49 INFO  : ----------------XSDB Script (After Launch)----------------
targets -set -nocase -filter {name =~ "*A9*#0"}
con
----------------End of Script----------------

14:29:49 INFO  : Launch script is exported to file 'C:\Users\skriv\workspace\.sdk\launch_scripts\single_application_debug\debugger_test-default.tcl'
14:32:49 INFO  : Disconnected from the channel tcfchan#2.
13:18:17 INFO  : Launching XSCT server: xsct.bat -n  -interactive D:\SP4EM-GIT\project_1\workspace\temp_xsdb_launch_script.tcl
13:18:21 INFO  : XSCT server has started successfully.
13:18:21 INFO  : plnx-install-location is set to ''
13:18:21 INFO  : Successfully done setting XSCT server connection channel  
13:18:21 INFO  : Successfully done setting workspace for the tool. 
13:18:27 INFO  : Registering command handlers for Vitis TCF services
13:18:28 INFO  : Successfully done query RDI_DATADIR 
13:20:24 INFO  : Checking for BSP changes to sync application flags for project 'test'...
13:21:09 INFO  : Checking for BSP changes to sync application flags for project 'test'...
