#-----------------------------------------------------------
# Vivado v2019.2 (64-bit)
# SW Build 2708876 on Wed Nov  6 21:40:23 MST 2019
# IP Build 2700528 on Thu Nov  7 00:09:20 MST 2019
# Start of session at: Wed Feb 12 10:01:39 2020
# Process ID: 11728
# Current directory: D:/SP4EM-GIT/project_1
# Command line: vivado.exe -gui_launcher_event rodinguilauncherevent10448 D:\SP4EM-GIT\project_1\project_1.xpr
# Log file: D:/SP4EM-GIT/project_1/vivado.log
# Journal file: D:/SP4EM-GIT/project_1\vivado.jou
#-----------------------------------------------------------
start_gui
open_project D:/SP4EM-GIT/project_1/project_1.xpr
INFO: [Project 1-313] Project file moved from 'D:/SP4EM GIT/project_1' since last save.
Scanning sources...
Finished scanning sources
INFO: [IP_Flow 19-234] Refreshing IP repositories
INFO: [IP_Flow 19-1704] No user IP repositories specified
INFO: [Common 17-41] Interrupt caught. Command should exit soon.
INFO: [IP_Flow 19-2313] Loaded Vivado IP repository 'D:/Vitis/Vivado/2019.2/data/ip'.
ERROR: [BD 41-69] Error sourcing TCL script: 
    while executing
"namespace eval ::xilinx.com_ip_aximm_1.0 { source -notrace {D:/Vitis/Vivado/2019.2/data/rsb/busdef/AXIMM/busdef.tcl} }"
ERROR: [BD 41-69] Error sourcing TCL script: 
    while executing
"source -notrace {D:/Vitis/Vivado/2019.2/data/rsb/busdef/clock_signal/busdef.tcl} "
    (in namespace eval "::xilinx.com_ip_clock_signal_1.0" script line 1)
    invoked from within
"namespace eval ::xilinx.com_ip_clock_signal_1.0 { source -notrace {D:/Vitis/Vivado/2019.2/data/rsb/busdef/clock_signal/busdef.tcl} }"
ERROR: [BD 41-69] Error sourcing TCL script: 
    while executing
"source -notrace {D:/Vitis/Vivado/2019.2/data/rsb/busdef/gt_outclk/busdef.tcl} "
    (in namespace eval "::xilinx.com_ip_gt_outclk_1.0" script line 1)
    invoked from within
"namespace eval ::xilinx.com_ip_gt_outclk_1.0 { source -notrace {D:/Vitis/Vivado/2019.2/data/rsb/busdef/gt_outclk/busdef.tcl} }"
ERROR: [BD 41-69] Error sourcing TCL script: 
    while executing
"source -notrace {D:/Vitis/Vivado/2019.2/data/rsb/busdef/gt_usrclk/busdef.tcl} "
    (in namespace eval "::xilinx.com_ip_gt_usrclk_1.0" script line 1)
    invoked from within
"namespace eval ::xilinx.com_ip_gt_usrclk_1.0 { source -notrace {D:/Vitis/Vivado/2019.2/data/rsb/busdef/gt_usrclk/busdef.tcl} }"
ERROR: [BD 41-69] Error sourcing TCL script: 
    while executing
"source -notrace {D:/Vitis/Vivado/2019.2/data/rsb/busdef/interrupt_signal/busdef.tcl} "
    (in namespace eval "::xilinx.com_ip_interrupt_signal_1.0" script line 1)
    invoked from within
"namespace eval ::xilinx.com_ip_interrupt_signal_1.0 { source -notrace {D:/Vitis/Vivado/2019.2/data/rsb/busdef/interrupt_signal/busdef.tcl} }"
INFO: [Common 17-344] 'open_project' was cancelled
create_project TestProject D:/SP4EM-GIT/TestProject -part xc7z020clg484-1
INFO: [IP_Flow 19-234] Refreshing IP repositories
INFO: [IP_Flow 19-1704] No user IP repositories specified
INFO: [IP_Flow 19-2313] Loaded Vivado IP repository 'D:/Vitis/Vivado/2019.2/data/ip'.
create_project: Time (s): cpu = 00:00:10 ; elapsed = 00:00:07 . Memory (MB): peak = 964.695 ; gain = 53.242
set_property board_part em.avnet.com:zed:part0:1.4 [current_project]
file mkdir D:/SP4EM-GIT/TestProject/TestProject.srcs/sources_1/new
close [ open D:/SP4EM-GIT/TestProject/TestProject.srcs/sources_1/new/IOTest.vhd w ]
add_files D:/SP4EM-GIT/TestProject/TestProject.srcs/sources_1/new/IOTest.vhd
update_compile_order -fileset sources_1
exit
INFO: [Common 17-206] Exiting Vivado at Wed Feb 12 10:11:32 2020...
